[    0.000000] Initializing cgroup subsys cpuset
[    0.000000] Initializing cgroup subsys cpu
[    0.000000] Initializing cgroup subsys cpuacct
[    0.000000] Linux version 4.4.0-93-generic (buildd@lgw01-03) (gcc version 5.4.0 20160609 (Ubuntu 5.4.0-6ubuntu1~16.04.4) ) #116-Ubuntu SMP Fri Aug 11 21:17:51 UTC 2017 (Ubuntu 4.4.0-93.116-generic 4.4.79)
[    0.000000] Commnd line: BOOT_IMAGE=/boot/vmlinuz-4.4.0-93-generic root=LABEL=cloudimg-rootfs ro console=tty1 console=ttyS0
[    0.000000] KERNEL supported cpus:
[    0.000000]   Intel GenuineIntel
[    0.000000]   AMD AuthenticAMD
[    0.000000]   Centar Centaurauls
    .00000] x86/pu: Leacy 87 FPU detected.
[    0.000000] x86/fpu: Using 'lazy' FPU context switche.
[   0.000000] e820: BIOS-provided physical RAM map:
[    0.000000 BIOS-820: [me 0x0000000000000000-0x000000000009fbff] usable
[    0.000000] BIOS-e820: [mem 0x000000000009fc00-0x000000000009ffff] reserved
[    0.000000] BIOS-e820: [mem 0x000000000f0000-0x0000000000fffff resrved
[    0.000000] BIOS-e820: [mem 0x0000000000100000-0x000000001ffefff] usable
[    0.00000] BOS-e820: [mm x00000001fff0000-0x000000001fffffff] ACPI data
[    0.000000] IOS-e820: [mem x0000000fffc000-00000000ffffffff] reserved
[    0.000000] NX (Execute Disable) protection: active
[    0.000000] SMBIOS 2.5prsent.
[    0000000] Hypervisor detected: KVM
[    0.000000] e820: last_pfn = 0x1fff0 max_arch_pfn = 0x400000000
[    0.000000] MTRR: Disabled
[    0.000000] x86/PAT: MTRRs disabled, skipping PAT initilization too.
[    0.000000] CPU MTRRs all blnk - vitualizd system.
[    0.000000] x86/PAT: Configuration [0-7]: W  WT  UC- C  WB  WT  UC-UC  
[    0.000000] found SMP MP-table at [mem 0x0009fff0-0x0009ffff] mapped at [ffff88000009fff0]
[    0.000000] Scanning 1 areas for low memory corruption
[    0.000000] RAMDISK: [mem 0x1ed68000-0x1f7fdfff]
[    0.00000] ACPI: Early table checksum verificatondisabled
[    0.000000] ACPI: RSDP 0x00000000000E0000 000024 (v02 VBOX  )
[    0.00000] ACPI: XSDT 0x000000001FFF0030 00003C (v01 VBOX   VBOXXSDT 00000001 ASL  00000061)
[    0.000000] ACPI: FACP 0x000000001FFF00F0 0000F4 (v04 VBOX  VBOXACP 00000001 ASL  00000061)
[    0.000000] CPI: DSDT 0x000000001FFF0470 002118 (v01 VBOX   VBOXBIOS 00000002 ITL 20160108)
[    0.000000] ACPI: FACS 0x000000001FFF0200 000040
[    0.000000] ACPI: FACS 0x000000001FFF0200 000040
[    0.000000] ACPI: APIC0x00000001FFF0240 00005C (02 VBOX   BOXAIC 000001 ASL  00000061)
[    0.000000] ACPI: SSDT 0x000000001FFF02A0 0001CC (v01 BOX   VBOXCPUT 00000002 INTL 20160108)
[    0.000000] No NUMA configuaton fund
[    0.000000] Faking a node at [mem 0x0000000000000000-0x000000001ffeffff]
[   0.000000] NODE_DATA(0) allocated [mem 0x1ffeb000-0x1ffeffff]
[    0.000000] kvm-clock: Using msrs 4b564d01 and 4b64d00
[    0.000000] kvm-clock: cpu 0, msr 0:1ffe3001, rimary cu clock
[    0.000000] kvm-clock: using sched offset of 4833094411 cycles
[   0.00000] clocksource: kvm-clock: mask: 0xffffffffffffffff max_cycles: 0x1cd42e4dffb, max_idle_ns: 88159591483 ns
[    0.000000] Zone ranges:
[    0.000000]   DMA      [mem 0x0000000000001000-0x0000000000ffffff]
[    0.000000]   DMA32    [mem 0x0000000001000000-0x000000001ffeffff]
[    0.000000]   Normal   empty
[    0.000000]   Device   empty
[    0.000000] Movable zone start for each noe
[    0.000000] Early memory node ranges
[    .000000]   node   0: [mem 0x0000000000001000-0x000000000009efff]
[    0.000000]   node   0: [mem 0x0000000000100000-0x000000001ffeffff]
[    0.000000] Initmem setup node 0 [mem 0x0000000000001000-0x000000001ffeffff]
[    0.000000] ACPI: PM-Timer IO Port: 0x4008
[    0.000000] IOAPIC[0]: apic_id 2, version 17, address 0xfec00000, GSI 0-23
[    0.000000] ACPI: INT_SRC_OVR (bus 0 bus_irq 0 global_irq 2 dfl dfl)
[    0.000000] ACPI: INT_SRC_OVR (bus 0 bus_irq 9 lobal_irq 9 high level)
[    0.00000] Usig ACI (MADT) for SMP configuration inforation
[   0.00000]smpboot: Allowing 2 CPUs, 0 hotplug PUs
[  0.000000 PM: Registered nosave memory: [mem 0x00000000-0x00000ff]
[   0.000000] PM: Registered nosave memory: [mem 0x0009f000-0x000ffff]
[    0.000000] PM: Registered nosave memory: [mem 0x000a0000-0x000effff]
[    0.000000] PM: Registered nosave memory: [mem 0x000f0000-0x000fffff]
[    0.000000] e820: [mem 0x20000000-0xfffbffff] available for PCI devices
[    0.000000] Booting paravirtualized kernel on KVM
[    0.000000] clocksource: refined-jiffies: mask: 0xffffffff max_cycles: 0xffffffff, max_idle_ns: 7645519600211568 ns
[    0.000000] setup_percpu: NR_CPUS:512 nr_cpumask_bits:512 nr_cpu_ids:2 nr_node_ids:1
[    0.000000] PERCPU: Embedded 34 pages/cpu @ffff88001fc00000 s98328 r8192 d32744 u1048576
[    0.000000] PV qspinlock hash table entries: 256 (order: 0, 4096 bytes)
[    0.000000] Built 1 zonelists in Node order, moblity grouping on.  Total pages: 128889
[    0.000000] Policy zone DA32
[    0.000000] Kernel command line: BOOT_IMAGE=/boot/vmlinuz-4.4.0-93-generic root=LABEL=cloudig-rootfs ro console=tty1 console=ttyS0
[    0.000000] PID hash table entries: 2048 (order: 2, 16384 bytes)
[    0.000000] Memory: 485644K/523832K available (8479K kernel code, 1294K rwdata, 3984K rodata, 1492K init, 1316K bss, 38188K reserved, 0K cma-reserved)
[    0.000000] SLUB: HWalign=64, Order=0-3, MiObjects=, CPUs2, Ndes=1
[    0.000000] Hierarcical RCU implementation.
[    0.000000]	Buildtime adustment of leaf fanout to 64.
    0.000000] 	RCU restrictig CPUsfrom NR_CPUS=512 to nr_cpu_ids=2.
[   0.00000] RCU: Adjusting geometry for rcu_fanout_leaf=64, nr_cpu_ids=2
[    0.000000] NR_IRQS:33024 nr_irqs:440 16
[    0.000000] Console: colour VGA+ 8x25
[   0.000000] console [tty1] enabled
[    0.000000] console [ttyS0] enabled
[    0.000000] tsc: Deected 2267.026 MHz processor
[    7.886235] Calibrating delay loop (skipped) preset value.. 4534.05 BogoMIPS (lpj=9068104)
[    7.939759] pid_max: default: 32768 minimum: 301
[    7.944764] ACPI: Core revision 20150930
[    7.953843] ACPI: 2 ACPI AML tables successfully acquired and loaded
[    7.965970] Security Framework initialized
[    7.971650] Yama: becoming mindful.
[    7.974372] AppArmor: AppArmor initialized
[    7.977287] Dentry cache hash table entries: 65536 (order: 7, 524288 bytes)
[    7.983589] Inode-cache hash table entries: 32768 (order: 6, 262144 bytes)
[    7.988407] Mount-cache hash table entries: 1024 (order: 1, 8192 bytes)
[    7.992424] Mountpoint-cache hash table entries: 1024 (order: 1, 8192 bytes)
[    7.997228] Initializing cgroup subsys io
[    8.001635] Initializing cgroup subsys memory
[    8.004653] Initializing cgroup subsys devices
[    8.010693] Initializing cgroup subsys freezer
[    8.014298] Initializing cgroup subsys net_cls
[    8.019412] Initializing cgroup subsys perf_event
[    8.022704] Initializing cgroup subsys net_prio
[    8.025791] Initializing cgroup subsys hugetlb
[    8.033824] Initializing cgroup subsys pids
[    8.036973] CPU: Physical Processor ID: 0
[    8.041356] CPU: Processor Core ID: 0
[    8.043802] mce: CPU supports 0 MCE banks
[    8.046686] Last level iTLB entries: 4KB 512, 2MB 7, 4MB 7
[    8.051214] Last level dTLB entries: 4KB 512, 2MB 32, 4MB 32, 1GB 0
[    8.063134] Freeing SMP alternatives memory: 32K (ffffffff820ba000 - ffffffff820c2000)
[    8.101616] ftrace: allocating 32136 entries in 126 pages
[    8.256016] smpboot: APIC(0) Converting physical 0 to logical package 0
[    8.261649] smpboot: Max logical packages: 1
[    8.268417] ..TIMER: vector=0x30 apic1=0 pin1=2 apic2=-1 pin2=-1
[    8.384375] smpboot: CPU0: Intel(R) Xeon(R) CPU           L5520  @ 2.27GHz (family: 0x6, model: 0x1a, stepping: 0x5)
[    8.423692] Performance Events: unsupported p6 CPU model 26 no PMU driver, software events only.
[    8.429572] KVM setup paravirtual spinlock
[    8.434433] x86: Booting SMP configuration:
[    8.437308] .... node  #0, CPUs:      #1
[    8.441499] kvm-clock: cpu 1, msr 0:1ffe3041, secondary cpu clock
[    8.462785] mce: CPU supports 0 MCE banks
[    8.469224] x86: Booted up 1 node, 2 CPUs
[    8.484797] smpboot: Total of 2 processors activated (9068.10 BogoMIPS)
[    8.503246] devtmpfs: initialized
[    8.516094] evm: security.selinux
[    8.532558] evm: security.SMACK64
[    8.539850] evm: security.SMACK64EXEC
[    8.547401] evm: security.SMACK64TRANSMUTE
[    8.554596] evm: security.SMACK64MMAP
[    8.564843] evm: security.ima
[    8.567731] evm: security.capability
[    8.586726] clocksource: jiffies: mask: 0xffffffff max_cycles: 0xffffffff, max_idle_ns: 7645041785100000 ns
[    8.606462] futex hash table entries: 512 (order: 3, 32768 bytes)
[    8.633573] pinctrl core: initialized pinctrl subsystem
[    8.659327] RTC time: 15:51:47, date: 09/09/17
[    8.667264] NET: Registered protocol family 16
[    8.686272] cpuidle: using governor ladder
[    8.702876] cpuidle: using governor menu
[    8.713370] PCCT header not found.
[    8.745741] ACPI: bus type PCI registered
[    8.775596] acpiphp: ACPI Hot Plug PCI Controller Driver version: 0.5
[    8.838952] PCI: Using configuration type 1 for base access
[    8.881331] ACPI: Added _OSI(Module Device)
[    8.887403] ACPI: Added _OSI(Processor Device)
[    8.896210] ACPI: Added _OSI(3.0 _SCP Extensions)
[    8.903997] ACPI: Added _OSI(Processor Aggregator Device)
[    8.956514] ACPI: Executed 1 blocks of module-level executable AML code
[    8.988140] ACPI: Interpreter enabled
[    8.991070] ACPI: (supports S0 S5)
[    8.993216] ACPI: Using IOAPIC for interrupt routing
[    8.996575] PCI: Using host bridge windows from ACPI; if necessary, use "pci=nocrs" and report a bug
[    9.010520] ACPI: PCI Root Bridge [PCI0] (domain 0000 [bus 00-ff])
[    9.014656] acpi PNP0A03:00: _OSC: OS supports [ASPM ClockPM Segments MSI]
[    9.018590] acpi PNP0A03:00: _OSC failed (AE_NOT_FOUND); disabling ASPM
[    9.022412] acpi PNP0A03:00: fail to add MMCONFIG information, can't access extended PCI configuration space under this bridge.
[    9.031984] PCI host bridge to bus 0000:00
[    9.039321] pci_bus 0000:00: root bus resource [io  0x0000-0x0cf7 window]
[    9.048106] pci_bus 0000:00: root bus resource [io  0x0d00-0xffff window]
[    9.053006] pci_bus 0000:00: root bus resource [mem 0x000a0000-0x000bffff window]
[    9.067575] pci_bus 0000:00: root bus resource [mem 0x20000000-0xffdfffff window]
[    9.077283] pci_bus 0000:00: root bus resource [bus 00-ff]
[    9.083879] pci 0000:00:01.1: legacy IDE quirk: reg 0x10: [io  0x01f0-0x01f7]
[    9.088164] pci 0000:00:01.1: legacy IDE quirk: reg 0x14: [io  0x03f6]
[    9.091928] pci 0000:00:01.1: legacy IDE quirk: reg 0x18: [io  0x0170-0x0177]
[    9.103655] pci 0000:00:01.1: legacy IDE quirk: reg 0x1c: [io  0x0376]
[    9.144365] ACPI: PCI Interrupt Link [LNKA] (IRQs 5 9 10 11) *0, disabled.
[    9.150539] ACPI: PCI Interrupt Link [LNKB] (IRQs 5 9 10 *11)
[    9.155011] ACPI: PCI Interrupt Link [LNKC] (IRQs 5 9 *10 11)
[    9.160604] ACPI: PCI Interrupt Link [LNKD] (IRQs 5 *9 10 11)
[    9.165759] ACPI: Enabled 2 GPEs in block 00 to 07
[    9.173069] vgaarb: setting as boot device: PCI:0000:00:02.0
[    9.181409] vgaarb: device added: PCI:0000:00:02.0,decodes=io+mem,owns=io+mem,locks=none
[    9.189392] vgaarb: loaded
[    9.191392] vgaarb: bridge control possible 0000:00:02.0
[    9.195499] SCSI subsystem initialized
[    9.204952] ACPI: bus type USB registered
[    9.207709] usbcore: registered new interface driver usbfs
[    9.230426] usbcore: registered new interface driver hub
[    9.277607] usbcore: registered new device driver usb
[    9.285459] PCI: Using ACPI for IRQ routing
[    9.296935] NetLabel: Initializing
[    9.300203] NetLabel:  domain hash size = 128
[    9.304725] NetLabel:  protocols = UNLABELED CIPSOv4
[    9.308557] NetLabel:  unlabeled traffic allowed by default
[    9.323373] amd_nb: Cannot enumerate AMD northbridges
[    9.361091] clocksource: Switched to clocksource kvm-clock
[    9.381750] AppArmor: AppArmor Filesystem Enabled
[    9.385409] pnp: PnP ACPI init
[    9.389562] pnp: PnP ACPI: found 3 devices
[    9.400986] clocksource: acpi_pm: mask: 0xffffff max_cycles: 0xffffff, max_idle_ns: 2085701024 ns
[    9.411354] NET: Registered protocol family 2
[    9.415057] TCP established hash table entries: 4096 (order: 3, 32768 bytes)
[    9.419515] TCP bind hash table entries: 4096 (order: 4, 65536 bytes)
[    9.423643] TCP: Hash tables configured (established 4096 bind 4096)
[    9.430231] UDP hash table entries: 256 (order: 1, 8192 bytes)
[    9.449677] UDP-Lite hash table entries: 256 (order: 1, 8192 bytes)
[    9.489343] NET: Registered protocol family 1
[    9.502995] pci 0000:00:00.0: Limiting direct PCI/PCI transfers
[    9.507349] pci 0000:00:01.0: Activating ISA DMA hang workarounds
[    9.511325] Unpacking initramfs...
[   12.964349] Freeing initrd memory: 10840K (ffff88001ed68000 - ffff88001f7fe000)
[   12.970370] platform rtc_cmos: registered platform RTC device (no PNP device found)
[   12.976503] Scanning for low memory corruption every 60 seconds
[   12.997031] audit: initializing netlink subsys (disabled)
[   13.000749] audit: type=2000 audit(1504972309.515:1): initialized
[   13.005359] Initialise system trusted keyring
[   13.010564] HugeTLB registered 2 MB page size, pre-allocated 0 pages
[   13.049451] zbud: loaded
[   13.051236] VFS: Disk quotas dquot_6.6.0
[   13.083518] VFS: Dquot-cache hash table entries: 512 (order 0, 4096 bytes)
[   13.103546] squashfs: version 4.0 (2009/01/31) Phillip Lougher
[   13.120299] fuse init (API version 7.23)
[   13.142721] Key type big_key registered
[   13.158066] Allocating IMA MOK and blacklist keyrings.
[   13.193702] Key type asymmetric registered
[   13.212414] Asymmetric key parser 'x509' registered
[   13.241100] Block layer SCSI generic (bsg) driver version 0.4 loaded (major 249)
[   13.264747] io scheduler noop registered
[   13.290893] io scheduler deadline registered (default)
[   13.308985] io scheduler cfq registered
[   13.318957] pci_hotplug: PCI Hot Plug PCI Core version: 0.5
[   13.369832] pciehp: PCI Express Hot Plug Controller Driver version: 0.4
[   13.492046] ACPI: AC Adapter [AC] (on-line)
[   13.525466] input: Power Button as /devices/LNXSYSTM:00/LNXPWRBN:00/input/input0
[   13.529795] ACPI: Power Button [PWRF]
[   13.561700] input: Sleep Button as /devices/LNXSYSTM:00/LNXSLPBN:00/input/input1
[   13.669836] ACPI: Sleep Button [SLPF]
[   13.690868] GHES: HEST is not enabled!
[   13.706537] Serial: 8250/16550 driver, 32 ports, IRQ sharing enabled
[   13.778718] 00:02: ttyS0 at I/O 0x3f8 (irq = 4, base_baud = 115200) is a 16550A
[   13.805198] Linux agpgart interface v0.103
[   13.826786] loop: module loaded
[   13.862140] scsi host0: ata_piix
[   13.885954] scsi host1: ata_piix
[   13.893568] ata1: PATA max UDMA/33 cmd 0x1f0 ctl 0x3f6 bmdma 0xd000 irq 14
[   13.963543] ata2: PATA max UDMA/33 cmd 0x170 ctl 0x376 bmdma 0xd008 irq 15
[   14.000607] tsc: Refined TSC clocksource calibration: 2266.991 MHz
[   14.004807] clocksource: tsc: mask: 0xffffffffffffffff max_cycles: 0x20ad66e7cf1, max_idle_ns: 440795315473 ns
[   14.005073] libphy: Fixed MDIO Bus: probed
[   14.005077] tun: Universal TUN/TAP device driver, 1.6
[   14.005078] tun: (C) 1999-2004 Max Krasnyansky <maxk@qualcomm.com>
[   14.070439] PPP generic driver version 2.4.2
[   14.092681] ehci_hcd: USB 2.0 'Enhanced' Host Controller (EHCI) Driver
[   14.137062] hc-p: CIPCI platform rier

[   141129 eciplatform: EHCI generic platform driver
[   15.072552] ohci_hcd: USB 1.1 'Open' Host Controller (OHCI) Driver
[   15.104640] ohci-pci: OHCI PCI platform driver
[   15.125001] ohci-platform: OHCI generic platform driver
[   15.129171] uhci_hcd: USB Universal Host Controller Interface driver
[   15.138028] i8042: PNP: PS/2 Controller [PNP0303:PS2K,PNP0f03:PS2M] at 0x60,0x64 irq 1,12
[   15.144459] serio: i8042 KBD port at 0x60,0x64 irq 1
[   15.147464] serio: i8042 AUX port at 0x60,0x64 irq 12
[   15.151034] mousedev: PS/2 mouse device common for all mice
[   15.155785] input: AT Translated Set 2 keyboard as /devices/platform/i8042/serio0/input/input2
[   15.159836] rtc_cmos rtc_cmos: rtc core: registered rtc_cmos as rtc0
[   15.159991] rtc_cmos rtc_cmos: alarms up to one day, 114 bytes nvram
[   15.160005] i2c /dev entries driver
[   15.160111] device-mapper: uevent: version 1.0.3
[   15.160238] device-mapper: ioctl: 4.34.0-ioctl (2015-10-28) initialised: dm-devel@redhat.com
[   15.160261] ledtrig-cpu: registered to indicate activity on CPUs
[   15.160823] NET: Registered protocol family 10
[   15.161152] NET: Registered protocol family 17
[   15.161166] Key type dns_resolver registered
[   15.294498] microcode: CPU0 sig=0x106a5, pf=0x4, revision=0x616
[   15.294557] microcode: CPU1 sig=0x106a5, pf=0x4, revision=0x616
[   15.294703] microcode: Microcode Update Driver: v2.01 <tigran@aivazian.fsnet.co.uk>, Peter Oruba
[   15.295012] registered taskstats version 1
[   15.295036] Loading compiled-in X.509 certificates
[   15.303171] Loaded X.509 cert 'Build time autogenerated kernel key: a6f98c496ad22cf23b77f8fe21ff88c41791cbd4'
[   15.303234] zswap: loaded using pool lzo/zbud
[   15.308088] Key type trusted registered
[   15.315086] Key type encrypted registered
[   15.315096] AppArmor: AppArmor sha1 policy hashing enabled
[   15.315100] ima: No TPM chip found, activating TPM-bypass!
[   15.315137] evm: HMAC attrs: 0x1
[   15.315792]   Magic number: 1:624:891
[   15.315833] event_source msr: hash matches
[   15.363837] rtc_cmos rtc_cmos: setting system clock to 2017-09-09 15:51:54 UTC (1504972314)
[   15.364112] BIOS EDD facility v0.16 2004-Jun-25, 0 devices found
[   15.364113] EDD information not available.
[   15.822598] Freeing unused kernel memory: 1492K (ffffffff81f45000 - ffffffff820ba000)
[   15.868308] Write protecting the kernel read-only data: 14336k
[   15.890721] Freeing unused kernel memory: 1748K (ffff88000184b000 - ffff880001a00000)
[   15.904127] Freeing unused kernel memory: 112K (ffff880001de4000 - ffff880001e00000)
Loading, please wait...
starting version[   15.980028] random: systemd-udevd: uninitialized urandom read (16 bytes read, 3 bits of entropy available)
 229
[   15.980741] random: udevadm: uninitialized urandom read (16 bytes read, 3 bits of entropy available)
[   15.980828] random: udevadm: uninitialized urandom read (16 bytes read, 3 bits of entropy available)
[   15.981107] random: udevadm: uninitialized urandom read (16 bytes read, 3 bits of entropy available)
[   15.981221] random: udevadm: uninitialized urandom read (16 bytes read, 3 bits of entropy available)
[   15.981336] random: udevadm: uninitialized urandom read (16 bytes read, 3 bits of entropy available)
[   15.981449] random: udevadm: uninitialized urandom read (16 bytes read, 3 bits of entropy available)
[   15.981566] random: udevadm: uninitialized urandom read (16 bytes read, 3 bits of entropy available)
[   15.981677] random: udevadm: uninitialized urandom read (16 bytes read, 3 bits of entropy available)
[   15.981786] random: udevadm: uninitialized urandom read (16 bytes read, 3 bits of entropy available)
[   16.225904] Fusion MPT base driver 3.04.20
[   16.229634] Copyright (c) 1999-2008 LSI Corporation
[   16.246960] e1000: Intel(R) PRO/1000 Network Driver - version 7.3.21-k8-NAPI
[   16.258293] e1000: Copyright (c) 1999-2006 Intel Corporation.
[   16.301829] Fusion MPT SPI Host driver 3.04.20
[   16.527121] input: ImExPS/2 Generic Explorer Mouse as /devices/platform/i8042/serio1/input/input4
[   16.844658] e1000 0000:00:03.0 eth0: (PCI:33MHz:32-bit) 02:04:e4:df:e4:d8
[   16.873867] e1000 0000:00:03.0 eth0: Intel(R) PRO/1000 Network Connection
[   16.907942] mptbase: ioc0: Initiating bringup
[   16.992236] ioc0: LSI53C1030 A0: Capabilities={Initiator}
[   17.197752] scsi host2: ioc0: LSI53C1030 A0, FwRev=00000000h, Ports=1, MaxQ=256, IRQ=20
[   17.382214] scsi 2:0:0:0: Direct-Access     VBOX     HARDDISK         1.0  PQ: 0 ANSI: 5
[   17.527316] scsi target2:0:0: Beginning Domain Validation
[   18.000334] scsi target2:0:0: Domain Validation skipping write tests
[   18.035731] scsi target2:0:0: Ending Domain Validation
[   18.075425] scsi target2:0:0: asynchronous
[   18.110724] scsi 2:0:1:0: Direct-Access     VBOX     HARDDISK         1.0  PQ: 0 ANSI: 5
[   18.130204] scsi target2:0:1: Beginning Domain Validation
[   18.173169] scsi target2:0:1: Domain Validation skipping write tests
[   18.176549] scsi target2:0:1: Ending Domain Validation
[   18.213674] scsi target2:0:1: asynchronous
[   18.254757] sd 2:0:0:0: Attached scsi generic sg0 type 0
[   18.276290] sd 2:0:0:0: [sda] 20971520 512-byte logical blocks: (10.7 GB/10.0 GiB)
[   18.283035] sd 2:0:0:0: [sda] Write Protect is off
[   18.287857] sd 2:0:0:0: [sda] Incomplete mode parameter data
[   18.291999] sd 2:0:0:0: [sda] Assuming drive cache: write through
[   18.296842] sd 2:0:1:0: [sdb] 20480 512-byte logical blocks: (10.5 MB/10.0 MiB)
[   18.302573] sd 2:0:1:0: Attached scsi generic sg1 type 0
[   18.307001] sd 2:0:1:0: [sdb] Write Protect is off
[   18.318454] sd 2:0:1:0: [sdb] Incomplete mode parameter data
[   18.322617] sd 2:0:1:0: [sdb] Assuming drive cache: write through
[   18.367906]  sda: sda1
[   18.372406] sd 2:0:0:0: [sda] Attached SCSI disk
[   18.394218] sd 2:0:1:0: [sdb] Attached SCSI disk
[   18.630287] e1000 0000:00:08.0 eth1: (PCI:33MHz:32-bit) 08:00:27:0b:57:aa
[   18.661708] e1000 0000:00:08.0 eth1: Intel(R) PRO/1000 Network Connection
[   18.670117] e1000 0000:00:08.0 enp0s8: renamed from eth1
[   18.695923] e1000 0000:00:03.0 enp0s3: renamed from eth0
[   19.335991] floppy0: no floppy controllers found
Begin: Loading e[   22.199793] md: linear personality registered for level -1
ssential drivers ... [   22.208529] md: multipath personality registered for level -4
[   22.216620] md: raid0 personality registered for level 0
[   22.224662] md: raid1 personality registered for level 1
[   22.305889] raid6: sse2x1   gen()  3974 MB/s
[   22.386200] raid6: sse2x1   xor()  2555 MB/s
[   22.459352] raid6: sse2x2   gen()  4060 MB/s
[   22.535380] raid6: sse2x2   xor()  2683 MB/s
[   22.609142] raid6: sse2x4   gen()  4517 MB/s
[   22.686147] raid6: sse2x4   xor()  3729 MB/s
[   22.692868] raid6: using algorithm sse2x4 gen() 4517 MB/s
[   22.695268] raid6: .... xor() 3729 MB/s, rmw enabled
[   22.719943] raid6: using ssse3x2 recovery algorithm
[   22.737627] xor: measuring software checksum speed
[   22.779282]    prefetch64-sse:  8175.000 MB/sec
[   22.819325]    generic_sse:  6309.000 MB/sec
[   22.822450] xor: using function: prefetch64-sse (8175.000 MB/sec)
[   22.829456] async_tx: api initialized (async)
[   22.860108] md: raid6 personality registered for level 6
[   22.867208] md: raid5 personality registered for level 5
[   22.870048] md: raid4 personality registered for level 4
[   22.898653] md: raid10 personality registered for level 10
done.
Begin: Running /scripts/init-premount ... done.
Begin: Mounting root file system ... Begin: Running /scripts/local-top ... done.
Begin: Running /scripts/local-premount ... [   22.992332] Btrfs loaded
Scanning for Btrfs filesystems
done.
Warning: fsck not present, so skipping root file system
[   23.121927] EXT4-fs (sda1): mounted filesystem with ordered data mode. Opts: (null)
done.
Begin: Running /scripts/local-bottom ... done.
Begin: Running /scripts/init-bottom ... done.
[   23.814732] systemd[1]: systemd 229 running in system mode. (+PAM +AUDIT +SELINUX +IMA +APPARMOR +SMACK +SYSVINIT +UTMP +LIBCRYPTSETUP +GCRYPT +GNUTLS +ACL +XZ -LZ4 +SECCOMP +BLKID +ELFUTILS +KMOD -IDN)
[   23.840750] systemd[1]: Detected virtualization oracle.
[   23.844061] systemd[1]: Detected architecture x86-64.

Welcome to [1mUbuntu 16.04.3 LTS[0m!

[   24.146829] systemd[1]: Set hostname to <ubuntu>.
[   241805] stemd[1]: Initializing machine ID from random generator.
[   24.530844] systemd[1]: Installed transient /etc/machine-id file.
[   24.905415] random: nonblocking pool is initialized
[   25.183893] systemd[1]: Listening on Journal Audit Socket.
[[0;32m  OK  [0m] Listening on Journal Audit Socket.
[   25.197588] systemd[1]: Set up automount Arbitrary Executable File Formats File System Automount Point.
[[0;32m  OK  [0m] Set up automount Arbitrary Executab...ats File System Automount Point.
[   25.209921] systemd[1]: Reached target Swap.
[[0;32m  OK  [0m] Reached target Swap.
[   25.216067] systemd[1]: Listening on LVM2 metadata daemon socket.
[[0;32m  OK  [0m] Listening on LVM2 metadata daemon socket.
[   25.227792] systemd[1]: Reached target Encrypted Volumes.
[[0;32m  OK  [0m] Reached target Encrypted Volumes.
[   25.234584] systemd[1]: Listening on LVM2 poll daemon socket.
[[0;32m  OK  [0m] Listening on LVM2 poll daemon socket.
[   25.267807] systemd[1]: Listening on Device-mapper event daemon FIFOs.
[[0;32m  OK  [0m] Listening on Device-mapper event daemon FIFOs.
[   25.296442] systemd[1]: Listening on udev Control Socket.
[[0;32m  OK  [0m] Listening on udev Control Socket.
[   25.303165] systemd[1]: Created slice System Slice.
[[0;32m  OK  [0m] Created slice System Slice.
[   25.309911] systemd[1]: Listening on Journal Socket.
[[0;32m  OK  [0m] Listening on Journal Socket.
[   25.331487] systemd[1]: Mounting POSIX Message Queue File System...
         Mounting POSIX Message Queue File System...
[   25.353180] systemd[1]: Starting Uncomplicated firewall...
         Starting Uncomplicated firewall...
[   25.383524] systemd[1]: Starting Nameserver information manager...
         Starting Nameserver information manager...
[   25.401369] systemd[1]: Starting Set console keymap...
         Starting Set console keymap...
[   25.412273] systemd[1]: Starting Remount Root and Kernel File Systems...
         Starting Remount Root and Kernel File Systems...
[   25.425890] systemd[1]: Starting Monitoring of LVM2 mirrors, snapshots etc. using dmeventd or progress polling...
[   25.434331] EXT4-fs (sda1): re-mounted. Opts: (null)
         Starting Monitoring of LVM2 mirrors... dmeventd or progress polling...
[   25.503764] systemd[1]: Starting Load Kernel Modules...
         Starting Load Kernel Modules...
[   25.521302] systemd[1]: Starting Create list of required static device nodes for the current kernel...
         Starting Create list of required st... nodes for the current kernel...
[   25.563470] systemd[1]: Mounting Debug File System...
         Mounting Debug File System...
[   25.588981] systemd[1]: Listening on udev Kernel Socket.
[[0;32m  OK  [0[   25.593736] Loading iSCSI transport class v2.0-870.
m] Listening on udev Kernel Socket.
[   25.609660] systemd[1]: Listening on /dev/initctl Compatibility Named Pipe.
[[0;32m  OK  [0m] Listening on /dev/initctl Co[   25.651887] iscsi: registered transport (tcp)
mpatibility Named Pipe.
[   25.673331] systemd[1]: Listening on Syslog Socket.
[[0;32m  OK  [0m] Listening on Syslog Socket.
[   25.694737] systemd[1]: Created slice system-serial\x2dgetty.slice.
[[0;32m  OK  [0m] Created slice system-serial\x2dgetty.slice.
[   25.701692] systemd[1]: Created slice User and Session Slice.
[[0;32m  OK  [0m] Created slice User and Session Slice.
[   25.708071] systemd[1]: Reached target Slices.
[[0;32m  OK  [0m] Reached target Slices.
[   25.719709] systemd[1]: Reached target User and Group Name Lookups.
[[0;32m  OK  [0m] Reached target User and Group Name Lookups.
[   25.743659] systemd[1]: Mounting Huge Pages File System...
         Mounting Huge Pages File System...
[   25.759223] systemd[1]: Started Forward Password Requests to Wall Directory Watch.
[[0;32m  OK  [0m] Started Forward Password Requests to Wall Directory Watch.
[   25.795789] iscsi: registered transport (iser)
[   25.816706] systemd[1]: Started Trigger resolvconf update for networkd DNS.
[[0;32m  OK  [0m] Started Trigger resolvconf update for networkd DNS.
[   25.827005] systemd[1]: Listening on Journal Socket (/dev/log).
[[0;32m  OK  [0m] Listening on Journal Socket (/dev/log).
[   25.847854] systemd[1]: Starting Journal Service...
         Starting Journal Service...
[   25.863343] systemd[1]: Mounted Huge Pages File System.
[[0;32m  OK  [0m] Mounted Huge Pages File System.
[   25.882323] systemd[1]: Mounted POSIX Message Queue File System.
[[0;32m  OK  [0m] Mounted POSIX Message Queue File System.
[   25.923730] systemd[1]: Mounted Debug File System.
[[0;32m  OK  [0m] Mounted Debug File System.
[   25.973525] systemd[1]: Started Uncomplicated firewall.
[[0;32m  OK  [0m] Started Uncomplicated firewall.
[   26.018229] systemd[1]: Started Set console keymap.
[[0;32m  OK  [0m] Started Set console keymap.
[   26.043004] systemd[1]: Started Remount Root and Kernel File Systems.
[[0;32m  OK  [0m] Started Remount Root and Kernel File Systems.
[   26.128544] systemd[1]: Started Load Kernel Modules.
[[0;32m  OK  [0m] Started Load Kernel Modules.
[   26.165320] systemd[1]: Started Create list of required static device nodes for the current kernel.
[[0;32m  OK  [0m] Started Create list of required sta...ce nodes for the current kernel.
[   26.215679] systemd[1]: Started Nameserver information manager.
[[0;32m  OK  [0m] Started Nameserver information manager.
[   26.292707] systemd[1]: Started Journal Service.
[[0;32m  OK  [0m] Started Journal Service.
[[0;32m  OK  [0m] Started LVM2 metadata daemon.
         Starting Create Static Device Nodes in /dev...
         Mounting FUSE Control File System...
         Starting Apply Kernel Variables...
         Starting Flush Journal to Persistent Storage...
         Starting Load/Save Random Seed...
         Starting Initial cloud-init job (pre-networking)...
         Starting udev Coldplug all Devices...
[[0;32m  OK  [0m] Mounted FUSE Control File System.
[[0;32m  OK  [0m] Started Apply Kernel Variables.
[[0;32m  OK  [0m] Started Load/Save Random Seed.
[[0;32m  OK  [0m] Started udev Coldplug all Devices.
[[0;32m  OK  [0m] Started Flush Journal to Persistent Storage.
[[0;32m  OK  [0m] Started Create Static Device Nodes in /dev.
         Starting udev Kernel Device Manager...
[[0;32m  OK  [0m] Started udev Kernel Device Manager.
[[0;32m  OK  [0m] Started Dispatch Password Requests to Console Directory Watch.
[[0;32m  OK  [0m] Started Monitoring of LVM2 mirrors,...ng dmeventd or progress polling.
[[0;32m  OK  [0m] Reached target Local File Systems (Pre).
[[0;32m  OK  [0m] Reached target Local File Systems.
         Starting Create Volatile Files and Directories...
         Starting LSB: AppArmor initialization...
         Starting Set console font and keymap...
         Starting Tell Plymouth To Write Out Runtime Data...
         Starting Commit a transient machine-id on disk...
[[0;32m  OK  [0m] Started Create Volatile Files and Directories.
[[0;32m  OK  [0m] Started Tell Plymouth To Write Out Runtime Data.
[[0;32m  OK  [0m] Started Commit a transient machine-id on disk.
[[0;32m  OK  [0m] Found device /dev/ttyS0.
[[0;32m  OK  [0m] Reached target System Time Synchronized.
         Starting Update UTMP about System Boot/Shutdown...
[[0;32m  OK  [0m] Started Update UTMP about System Boot/Shutdown.
[[0;32m  OK  [0m] Listening on Load/Save RF Kill Switch Status /dev/rfkill Watch.
[[0;32m  OK  [0m] Started LSB: AppArmor initialization.
[[0;32m  OK  [0m] Started Set console font and keymap.
[   22.377891] cloud-init[431]: Cloud-init v. 0.7.9 running 'init-local' at Sat, 09 Sep 2017 15:52:09 +0000. Up 21.57 seconds.
[[0;32m  OK  [0m] Started Initial cloud-init job (pre-networking).
[[0;32m  OK  [0m] Reached target Network (Pre).
         Starting Raise network interfaces...
[[0;32m  OK  [0m] Created slice system-getty.slice.
[[0;32m  OK  [0m] Started Raise network interfaces.
[[0;32m  OK  [0m] Reached target Network.
         Starting Initial cloud-init job (metadata service crawler)...
[   26.368402] cloud-init[930]: Cloud-init v. 0.7.9 running 'init' at Sat, 09 Sep 2017 15:52:11 +0000. Up 23.89 seconds.
[   26.412120] cloud-init[930]: ci-info: +++++++++++++++++++++++++++++++++++++Net device info++++++++++++++++++++++++++++++++++++++
[[0;32m  OK  [0m] Started Initial cloud-init job (metadata service crawler).
[   26.544618] cloud-init[930]: ci-info: +--------+-------+---------------------------+---------------+-------+-------------------+
[   26.688631] cloud-init[930]: ci-info: | Device |   Up  |          Address          |      Mask     | Scope |     Hw-Address    |
[   26.693274] cloud-init[930]: ci-info: +--------+-------+---------------------------+---------------+-------+-------------------+
[   26.694098] cloud-init[930]: ci-info: | enp0s3 |  True |         10.0.2.15         | 255.255.255.0 |   .   | 02:04:e4:df:e4:d8 |
[   26.694403] cloud-init[930]: ci-info: | enp0s3 |  True | fe80::4:e4ff:fedf:e4d8/64 |       .       |  link | 02:04:e4:df:e4:d8 |
[   26.694762] cloud-init[930]: ci-info: | enp0s8 | False |             .             |       .       |   .   | 08:00:27:0b:57:aa |
[   26.695000] cloud-init[930]: ci-info: |   lo   |  True |         127.0.0.1         |   255.0.0.0   |   .   |         .         |
[   26.695301] cloud-init[930]: ci-info: |   lo   |  True |          ::1/128          |       .       |  host |         .         |
[   26.695617] cloud-init[930]: ci-info: +--------+-------+---------------------------+---------------+-------+-------------------+
[   26.698385] cloud-init[930]: ci-info: +++++++++++++++++++++++++++Route IPv4 info++++++++++++++++++++++++++++
[   26.698606] cloud-init[930]: ci-info: +-------+-------------+----------+---------------+-----------+-------+
[   26.698885] cloud-init[930]: ci-info: | Route | Destination | Gateway  |    Genmask    | Interface | Flags |
[   26.699177] cloud-init[930]: ci-info: +-------+-------------+----------+---------------+-----------+-------+
[   26.701613] cloud-init[930]: ci-info: |   0   |   0.0.0.0   | 10.0.2.2 |    0.0.0.0    |   enp0s3  |   UG  |
[   26.702498] cloud-init[930]: ci-info: |   1   |   10.0.2.0  | 0.0.0.0  | 255.255.255.0 |   enp0s3  |   U   |
[   26.702763] cloud-init[930]: ci-info: +-------+-------------+----------+---------------+-----------+-------+
[   26.703061] cloud-init[930]: Generating public/private rsa key pair.
[   26.703346] cloud-init[930]: Your identification has been saved in /etc/ssh/ssh_host_rsa_key.
[   26.703635] cloud-init[930]: Your public key has been saved in /etc/ssh/ssh_host_rsa_key.pub.
[   26.703929] cloud-init[930]: The key fingerprint is:
[   26.708048] cloud-init[930]: SHA256:IkgGdps9Usoaancae794XfpeZ4M3jWvZTUf78PiMW8g root@ubuntu-xenial
[   26.709856] cloud-init[930]: The key's randomart image is:
[   26.714171] cloud-init[930]: +---[RSA 2048]----+
[   26.721449] cloud-init[930]: |.. . .           |
[   26.727633] cloud-init[930]: |..o *            |
[   26.730986] cloud-init[930]: | .o* o           |
[   26.740772] cloud-init[930]: |.oo.. .         .|
[   26.747302] cloud-init[930]: |.o.o... S      ..|
[   26.755112] cloud-init[930]: |. . =. .   . .o++|
[   26.764025] cloud-init[930]: |   o .  . o  oE&*|
[   26.778927] cloud-init[930]: |    . o. o  . B=B|
[   26.783806] cloud-init[930]: |     ..o. oo .+oo|
[   26.790727] cloud-init[930]: +----[SHA256]-----+
[   26.795954] cloud-init[930]: Generating public/private dsa key pair.
[   26.802774] cloud-init[930]: Your identification has been saved in /etc/ssh/ssh_host_dsa_key.
[   26.804458] cloud-init[930]: Your public key has been saved in /etc/ssh/ssh_host_dsa_key.pub.
[   26.808519] cloud-init[930]: The key fingerprint is:
[[0;32m  OK  [0m] Reached target Cloud-config availability.
[   26.809529] cloud-init[930]: SHA256:Oq3MudjeKfcUmNl23JexQgaONo8g8nR3wZ3aRogRqRY root@ubuntu-xenial
[   27.045261] cloud-init[930]: The key's randomart image is:
[   27.078118] cloud-init[930]: +---[DSA 1024]----+
[   27.088520] cloud-init[930]: |         o*oo .  |
[   27.108772] cloud-init[930]: |       E oooo+   |
[   27.138597] cloud-init[930]: |   . o oo= o+o . |
[   27.139202] cloud-init[930]: |    + oo+==oo+  +|
[   27.140505] cloud-init[930]: |     .. S.+.+..o.|
[   27.140763] cloud-init[930]: |       o . o  .. |
[[0;32m  OK  [0m] Reached target System Initialization.
[[0;32m  OK  [0m] Listening on ACPID Listen Socket.[   27.141019] 
cloud-init[930]: |      o . .      |
[   27.255036] cloud-init[930]: |     =.=.o       |
[   27.271396] cloud-init[930]: |    ..O+o..      |
[   27.325119] cloud-init[[0;32m  OK  [0m] Listening on UUID daemon activation socket.
[930]: +----[SHA256]-----+
[   27.398440] cloud-init[930]: Generating public/private ecdsa key pair.
[   27.418237] cloud-init[930]: Your identification has been saved in /etc/ssh/ssh_host_ecdsa_key.
[   27.464248] cloud-init[930]: Your public key has been saved in /etc/ssh/ssh_host_ecdsa_key.pub.
[   27.500662] cloud-init[930]: The key fingerprint is:
[   27.501271] cloud-init[930]: SHA256:214JKZL0DLMF70DgnLCevpyAsS9lCqWa50+C0MoqYY0 root@ubuntu-xenial
         Starting Socket activation for snappy daemon.
[[   27.501575] cloud-init[930]: The key's randomart image is:
[0;32m  OK  [0m] Listening on D-Bus System Message Bus Socket.
[   27.516207] cloud-init[930]: +---[ECDSA 256]---+
         Starting LXD - unix socket.
[   27.590324] cloud-init[930]: |  . ..o          |
[   27.622447] cloud-init[930]: |   = o o         |
[   27.624846] cloud-init[930]: |  . + = o        |
[   27.632672] cloud-init[930]: | o.. . @   .     |
[   27.643634] cloud-init[930]: |oo*   + S o      |
[[0;32m  OK  [0m] Started ACPI Events Check.
[   27.644412] cloud-init[930]: |BEo.   . + . .   |
[   27.659222] cloud-init[930]: |XBo .   . . o    |
[   27.659873] cloud-init[930]: |B+.=     . .     |
[   27.664314] cloud-init[930]: |o+*..     .      |
[   27.668901] cloud-init[930]: +----[SHA256]-----+
[   27.669685] cloud-init[930]: Generating public/private ed25519 key pair.
[   27.677046] cloud-init[930]: Your identification has been saved in /etc/ssh/ssh_host_ed25519_key.
[   27.681626] cloud-init[930]: Your public key has been saved in /etc/ssh/ssh_host_ed25519_key.pub.
[   27.683251] cloud-init[930]: The key fingerprint is:
[   27.683353] cloud-init[930]: SHA256:WmYeILgnpMxXeVo0XEkh2heSsnhKrYrSbe+2JczqLQk root@ubuntu-xenial
[[0;32m  OK  [0m] Reached target Paths.
[[0;32m  OK  [0m] Started Daily Cleanup of Temporary Directories.
[   27.684483] cloud-init[930]: The key's randomart image is:
[   27.991870] cloud-init[930]: +--[ED25519 256]--+
[[0;32m  OK  [0m] Started Timer to automatically refresh installed snaps.
[[   27.992257] cloud-init[930]: |      .=+=o      |
[   28.046200] cloud-init[930]: |   . .=o+..      |
[0;32m  OK  [0m] Reached target Network is Online.
[   28.046427] cloud-init[930]: |  o ++++ .       |
[   28.073066] cloud-init[930]: |oo +.=+..        |
         Starting iSCSI initiator daemon (iscsid)...
[   28.098762] cloud-init[930]: |.o+.=.  S        |
[   28.140690] cloud-init[930]: |  E= o * .       |
[   28.198108] cloud-init[930]: |...o .= o        |
[   28.202211] cloud-init[930]: |o.. =o.o         |
[   28.247157] cloud-init[930]: |.  oo==.         |
[   28.249481] cloud-init[930]: +----[SHA256]-----+
[[0;32m  OK  [0m] Started Daily apt download activities.
[[0;32m  OK  [0m] Started Daily apt upgrade and clean activities.
[[0;32m  OK  [0m] Reached target Timers.
[[0;32m  OK  [0m] Listening on Socket activation for snappy daemon.
[[0;32m  OK  [0m] Listening on LXD - unix socket.
[[0;32m  OK  [0m] Reached target Sockets.
[[0;32m  OK  [0m] Reached target Basic System.
         Starting LSB: Record successful boot for GRUB...
         Starting /etc/rc.local Compatibility...
         Starting LSB: MD monitoring daemon...
[[0;32m  OK  [0m] Started ACPI event daemon.
[[0;32m  OK  [0m] Started Deferred execution scheduler.
[[0;32m  OK  [0m] Started Snappy daemon.
         Starting Auto import assertions from block devices...
         Starting Apply the settings specified in cloud-config...
         Starting Pollinate to seed the pseudo random number generator...
[[0;32m  OK  [0m] Started FUSE filesystem for LXC.
[[0;32m  OK  [0m] Started Unattended Upgrades Shutdown.
[[0;32m  OK  [0m] Started Regular background program processing daemon.
         Starting Accounts Service...
         Starting LXD - container startup/shutdown...
[[0;32m  OK  [0m] Started D-Bus System Message Bus.
         Starting Login Service...
         Starting System Logging Service...
[[0;32m  OK  [0m] Started iSCSI initiator daemon (iscsid).
[[0;32m  OK  [0m] Started /etc/rc.local Compatibility.
[[0;32m  OK  [0m] Started Auto import assertions from block devices.
[[0;32m  OK  [0m] Started LSB: Record successful boot for GRUB.
[[0;32m  OK  [0m] Started System Logging Service.
[[0;32m  OK  [0m] Started LSB: MD monitoring daemon.
         Starting Authenticate and Authorize Users to Run Privileged Tasks...
         Starting Login to default iSCSI targets...
[[0;32m  OK  [0m] Started Login Service.
[[0;32m  OK  [0m] Started Login to default iSCSI targets.
[[0;32m  OK  [0m] Started Authenticate and Authorize Users to Run Privileged Tasks.
[[0;32m  OK  [0m] Started Accounts Service.
[[0;32m  OK  [0m] Reached target Remote File Systems (Pre).
[[0;32m  OK  [0m] Reached target Remote File Systems.
         Starting Permit User Sessions...
         Starting LSB: daemon to balance interrupts for SMP systems...
         Starting LSB: automatic crash report generation...
         Starting LSB: Set the CPU Frequency Scaling governor to "ondemand"...
         Starting LSB: VirtualBox Linux Additions...
[[0;32m  OK  [0m] Started Permit User Sessions.
[   30.044406] cloud-init[1055]: Generating locales (this might take a while)...
         Starting Hold until boot process finishes up...
         Starting Terminate Plymouth Boot Screen...
[[0;32m  OK  [0m] Started LSB: Set the CPU Frequency Scaling governor to "ondemand".
[[0;32m  OK  [0m] Started Pollinate to seed the pseudo random number generator.
[[0;32m  OK  [0m] Started LSB: daemon to balance interrupts for SMP systems.
[[0;32m  OK  [0m] Started LSB: automatic crash report generation.
[[0;32m  OK  [0m] Started Hold until boot process finishes up.
[[0;32m  OK  [0m] Started Terminate Plymouth Boot Screen.
[[0;32m  OK  [0m] Started Serial Getty on ttyS0.
         Starting Set console scheme...
[[0;32m  OK  [0m] Started Getty on tty1.
[[0;32m  OK  [0m] Reached target Login Prompts.
         Starting OpenBSD Secure Shell server...
[[0;32m  OK  [0m] Started LXD - container startup/shutdown.
[[0;32m  OK  [0m] Started LSB: VirtualBox Linux Additions.
[[0;32m  OK  [0m] Started Set console scheme.
[[0;32m  OK  [0m] Started OpenBSD Secure Shell server.
[[0;32m  OK  [0m] Reached target Multi-User System.
[[0;32m  OK  [0m] Reached target Graphical Interface.
         Starting Update UTMP about System Runlevel Changes...
[[0;32m  OK  [0m] Started Update UTMP about System Runlevel Changes.
[   32.138099] cloud-init[1055]:   en_US.UTF-8... done
[   32.179620] cloud-init[1055]: Generation complete.
         Stopping OpenBSD Secure Shell server...
[[0;32m  OK  [0m] Stopped OpenBSD Secure Shell server.
         Starting OpenBSD Secure Shell server...
[[0;32m  OK  [0m] Started OpenBSD Secure Shell server.
[[0;32m  OK  [0m] Created slice User Slice of ubuntu.
         Starting User Manager for UID 1000...
[[0;32m  OK  [0m] Started Session 1 of user ubuntu.
[[0;32m  OK  [0m] Started User Manager for UID 1000.
[   33.997872] cloud-init[1055]: Cloud-init v. 0.7.9 running 'modules:config' at Sat, 09 Sep 2017 15:52:17 +0000. Up 29.23 seconds.
[[0;32m  OK  [0m] Started Apply the settings specified in cloud-config.
         Starting Execute cloud user/final scripts...
ci-info: no authorized ssh keys fingerprints found for user ubuntu.
<14>Sep  9 15:52:23 ec2: 
<14>Sep  9 15:52:23 ec2: #############################################################
<14>Sep  9 15:52:23 ec2: -----BEGIN SSH HOST KEY FINGERPRINTS-----
<14>Sep  9 15:52:23 ec2: 1024 SHA256:Oq3MudjeKfcUmNl23JexQgaONo8g8nR3wZ3aRogRqRY root@ubuntu-xenial (DSA)
<14>Sep  9 15:52:23 ec2: 256 SHA256:214JKZL0DLMF70DgnLCevpyAsS9lCqWa50+C0MoqYY0 root@ubuntu-xenial (ECDSA)
<14>Sep  9 15:52:23 ec2: 256 SHA256:WmYeILgnpMxXeVo0XEkh2heSsnhKrYrSbe+2JczqLQk root@ubuntu-xenial (ED25519)
<14>Sep  9 15:52:23 ec2: 2048 SHA256:IkgGdps9Usoaancae794XfpeZ4M3jWvZTUf78PiMW8g root@ubuntu-xenial (RSA)
<14>Sep  9 15:52:23 ec2: -----END SSH HOST KEY FINGERPRINTS-----
<14>Sep  9 15:52:23 ec2: #############################################################
-----BEGIN SSH HOST KEY KEYS-----
ecdsa-sha2-nistp256 AAAAE2VjZHNhLXNoYTItbmlzdHAyNTYAAAAIbmlzdHAyNTYAAABBBLrwlwycRwqp4hTTAPFj1hQ+5Mdnz3aTF/DATCl0QlORf8wkvYvtZIaFGelFuOwA7vL57As4XrxO8QXLPaBmmR0= root@ubuntu-xenial
ssh-ed25519 AAAAC3NzaC1lZDI1NTE5AAAAICosBxk4EPPyDaJwz5lIgrCvOG0p7gCho/y9dFKt0nKD root@ubuntu-xenial
ssh-rsa AAAAB3NzaC1yc2EAAAADAQABAAABAQDQXMnOimPSeDJb0T+gZXjgvryo/K2reLOWq/kxakdtLYyZxlLkDD3QFuXL9KH2NUFcDLJ1BPnJDLl1VQpay+R3okAlgga6dHhenXKpgSsmepAYj/o6Awh1nj0nczrUmr9U7EIwB+ClN0iUt1VAofPLHmDJhTxadwbX2wStiXxP+ZcZrZ1yWu8PyKeQoMmSbSpsxEZnTs5oWQ7/PlufxLaefY/+wtzXFavexONGV5m95cqGNu6ne8aYw2vLHnWSVjD/Kx6SJwg2G8twYtoRa04lHLNLCW7p5z7xFlZ8XsoEbAb2WGSNBwyJzS/yunnc4Fq6tR6udyWAi2RyMIr6D6bX root@ubuntu-xenial
-----END SSH HOST KEY KEYS-----
[   35.558238] cloud-init[1366]: Cloud-init v. 0.7.9 running 'modules:final' at Sat, 09 Sep 2017 15:52:22 +0000. Up 34.70 seconds.
[   35.558652] cloud-init[1366]: ci-info: no authorized ssh keys fingerprints found for user ubuntu.
[   35.559415] cloud-init[1366]: Cloud-init v. 0.7.9 finished at Sat, 09 Sep 2017 15:52:23 +0000. Datasource DataSourceNoCloud [seed=/dev/sdb][dsmode=net].  Up 35.52 seconds

Ubuntu 16.04.3 LTS ubuntu-xenial ttyS0

ubuntu-xenial login: 